<?xml version="1.0" encoding="UTF-8"?>
<!-- Generated by org.testng.reporters.JUnitReportReporter -->
<testsuite hostname="THINKPAD-X1" failures="0" tests="1" name="testCases.TC_001_AccountRegistrationTest" time="2.565" errors="0" timestamp="2024-09-10T15:23:47 BST" skipped="0">
  <testcase classname="testCases.TC_001_AccountRegistrationTest" name="verify_account_registration" time="2.565"/>
</testsuite> <!-- testCases.TC_001_AccountRegistrationTest -->
