<?xml version="1.0" encoding="UTF-8"?>
<!-- Generated by org.testng.reporters.JUnitReportReporter -->
<testsuite hostname="THINKPAD-X1" failures="0" tests="5" name="testCases.TC_003_LoginDDT" time="24.367" errors="0" timestamp="2024-09-12T15:39:09 BST" skipped="0">
  <testcase classname="testCases.TC_003_LoginDDT" name="verify_loginDDT" time="2.890"/>
  <testcase classname="testCases.TC_003_LoginDDT" name="verify_loginDDT" time="11.666"/>
  <testcase classname="testCases.TC_003_LoginDDT" name="verify_loginDDT" time="4.038"/>
  <testcase classname="testCases.TC_003_LoginDDT" name="verify_loginDDT" time="2.913"/>
  <testcase classname="testCases.TC_003_LoginDDT" name="verify_loginDDT" time="2.860"/>
</testsuite> <!-- testCases.TC_003_LoginDDT -->
