<?xml version="1.0" encoding="UTF-8"?>
<!-- Generated by org.testng.reporters.JUnitReportReporter -->
<testsuite hostname="THINKPAD-X1" failures="0" tests="1" name="testCases.TC_005_AddToCartPageTest" time="3.028" errors="0" timestamp="2024-09-12T15:39:09 BST" skipped="0">
  <testcase classname="testCases.TC_005_AddToCartPageTest" name="verify_addToCart" time="3.028"/>
</testsuite> <!-- testCases.TC_005_AddToCartPageTest -->
