<?xml version="1.0" encoding="UTF-8"?>
<!-- Generated by org.testng.reporters.JUnitReportReporter -->
<testsuite hostname="THINKPAD-X1" failures="0" tests="1" name="testCases.AccountRegistrationTest" time="4.196" errors="0" timestamp="2024-09-04T16:16:34 BST" skipped="0">
  <testcase classname="testCases.AccountRegistrationTest" name="verify_account_registration" time="4.196"/>
</testsuite> <!-- testCases.AccountRegistrationTest -->
