<?xml version="1.0" encoding="UTF-8"?>
<!-- Generated by org.testng.reporters.JUnitReportReporter -->
<testsuite hostname="THINKPAD-X1" failures="0" tests="1" name="testCases.TC_004_SearchProductTest" time="0.952" errors="0" timestamp="2024-09-12T15:39:09 BST" skipped="0">
  <testcase classname="testCases.TC_004_SearchProductTest" name="verify_pruductSearch" time="0.952"/>
</testsuite> <!-- testCases.TC_004_SearchProductTest -->
