<?xml version="1.0" encoding="UTF-8"?>
<!-- Generated by org.testng.reporters.JUnitReportReporter -->
<testsuite hostname="THINKPAD-X1" failures="0" tests="5" name="testCases.TC_003_LoginDDT" time="32.235" errors="0" timestamp="2024-09-05T16:45:13 BST" skipped="0">
  <testcase classname="testCases.TC_003_LoginDDT" name="verify_loginDDT" time="11.696"/>
  <testcase classname="testCases.TC_003_LoginDDT" name="verify_loginDDT" time="11.802"/>
  <testcase classname="testCases.TC_003_LoginDDT" name="verify_loginDDT" time="2.869"/>
  <testcase classname="testCases.TC_003_LoginDDT" name="verify_loginDDT" time="3.050"/>
  <testcase classname="testCases.TC_003_LoginDDT" name="verify_loginDDT" time="2.818"/>
</testsuite> <!-- testCases.TC_003_LoginDDT -->
