<?xml version="1.0" encoding="UTF-8"?>
<!-- Generated by org.testng.reporters.JUnitReportReporter -->
<testsuite hostname="THINKPAD-X1" failures="0" tests="1" name="testCases.AccountRegistrationTest$TC_001_AccountRegistrationTest" time="6.436" errors="0" timestamp="2024-09-04T10:09:58 BST" skipped="0">
  <testcase classname="testCases.AccountRegistrationTest$TC_001_AccountRegistrationTest" name="verify_account_registration" time="6.436"/>
</testsuite> <!-- testCases.AccountRegistrationTest$TC_001_AccountRegistrationTest -->
