<?xml version="1.0" encoding="UTF-8"?>
<!-- Generated by org.testng.reporters.JUnitReportReporter -->
<testsuite hostname="THINKPAD-X1" failures="0" tests="1" name="testCases.TC_002_LoginTest" time="2.812" errors="0" timestamp="2024-09-11T15:47:51 BST" skipped="0">
  <testcase classname="testCases.TC_002_LoginTest" name="verify_login" time="2.812"/>
</testsuite> <!-- testCases.TC_002_LoginTest -->
