<?xml version="1.0" encoding="UTF-8"?>
<!-- Generated by org.testng.reporters.JUnitReportReporter -->
<testsuite hostname="THINKPAD-X1" failures="0" tests="1" name="testCases.TC_001_AccountRegistrationTest" time="3.443" errors="0" timestamp="2024-09-11T15:47:51 BST" skipped="0">
  <testcase classname="testCases.TC_001_AccountRegistrationTest" name="verify_account_registration" time="3.443"/>
</testsuite> <!-- testCases.TC_001_AccountRegistrationTest -->
