<?xml version="1.0" encoding="UTF-8"?>
<!-- Generated by org.testng.reporters.JUnitReportReporter -->
<testsuite hostname="THINKPAD-X1" failures="0" tests="1" name="testCases.TC_002_LoginTest" time="2.483" errors="0" timestamp="2024-09-12T14:08:02 BST" skipped="0">
  <testcase classname="testCases.TC_002_LoginTest" name="verify_login" time="2.483"/>
</testsuite> <!-- testCases.TC_002_LoginTest -->
