<?xml version="1.0" encoding="UTF-8"?>
<!-- Generated by org.testng.reporters.JUnitReportReporter -->
<testsuite hostname="THINKPAD-X1" failures="0" tests="1" name="testCases.TC_001_AccountRegistrationTest" time="4.641" errors="0" timestamp="2024-09-12T14:08:02 BST" skipped="0">
  <testcase classname="testCases.TC_001_AccountRegistrationTest" name="verify_account_registration" time="4.641"/>
</testsuite> <!-- testCases.TC_001_AccountRegistrationTest -->
